nohup: ignoring input
warning: profiles for the non root package will be ignored, specify profiles at the workspace root:
package:   /home/liyun/clinkv2/clinkv2/poly_commit/Cargo.toml
workspace: /home/liyun/clinkv2/clinkv2/Cargo.toml
warning: unused import: `VariableBaseMSM`
 --> scheme/tests/mulexp.rs:3:31
  |
3 | use math::msm::{FixedBaseMSM, VariableBaseMSM};
  |                               ^^^^^^^^^^^^^^^
  |
  = note: `#[warn(unused_imports)]` on by default

warning: unused imports: `AffineCurve`, `Group`, `One`, `ProjectiveCurve`, `Zero`
 --> scheme/tests/mulexp.rs:5:5
  |
5 |     AffineCurve, Group, One, PairingEngine, PrimeField, ProjectiveCurve, UniformRand, Zero,test_rng,
  |     ^^^^^^^^^^^  ^^^^^  ^^^                             ^^^^^^^^^^^^^^^               ^^^^

warning: unused imports: `Bn_256`, `Fr`
 --> scheme/tests/mulexp.rs:7:21
  |
7 | use curve::bn_256::{Bn_256, Fr};
  |                     ^^^^^^  ^^

warning: value assigned to `v` is never read
  --> scheme/tests/mulexp.rs:33:13
   |
33 |         let mut v = vec![];
   |             ^^^^^
   |
   = note: `#[warn(unused_assignments)]` on by default
   = help: maybe it is overwritten before being read?

warning: associated function is never used: `test_mulexp`
  --> scheme/tests/mulexp.rs:22:8
   |
22 |     fn test_mulexp()
   |        ^^^^^^^^^^^
   |
   = note: `#[warn(dead_code)]` on by default

warning: 5 warnings emitted

    Finished release [optimized] target(s) in 0.19s
     Running /home/liyun/clinkv2/clinkv2/target/release/deps/scheme-d323fd386de90cba

running 0 tests

test result: ok. 0 passed; 0 failed; 0 ignored; 0 measured; 0 filtered out

     Running /home/liyun/clinkv2/clinkv2/target/release/deps/fft_clinkv2-115d4441f160fa53

running 0 tests

test result: ok. 0 passed; 0 failed; 0 ignored; 0 measured; 0 filtered out

     Running /home/liyun/clinkv2/clinkv2/target/release/deps/mimc_clinkv2-f4a96e948135d54b

running 1 test
Running mimc_clinkv2...
m_abc:10
rj_ifft_time: 3.186296968s
rj_commit_time: 40.385002587s
test mimc_clinkv2 ... test mimc_clinkv2 has been running for over 60 seconds
abci_fft_time: 6.814451206s
q_commit_time: 3.514393179s
open_r_mid_q_time: 4.029759818s
10.36821733
58.248165842
0.140853926
test mimc_clinkv2 ... ok

test result: ok. 1 passed; 0 failed; 0 ignored; 0 measured; 0 filtered out

     Running /home/liyun/clinkv2/clinkv2/target/release/deps/mimc_groth16-cd69fc127b6a3ecc

running 1 test
Running mimc_groth16...
test mimc_groth16 ... test mimc_groth16 has been running for over 60 seconds
h_ifft_time: 35.490706976s
A_time: 29.289070025s
B_G1_time: 16.514234116s
B_G2_time: 51.666127288s
C_time: 79.126410266s
280
267.388515414
215.378757927
0.004754789
test mimc_groth16 ... ok

test result: ok. 1 passed; 0 failed; 0 ignored; 0 measured; 0 filtered out

     Running /home/liyun/clinkv2/clinkv2/target/release/deps/mulexp-3d7b1c40fa531a3e

running 0 tests

test result: ok. 0 passed; 0 failed; 0 ignored; 0 measured; 0 filtered out

     Running /home/liyun/clinkv2/clinkv2/target/release/deps/poseidon_clinkv2-8572389893905bb6

running 0 tests

test result: ok. 0 passed; 0 failed; 0 ignored; 0 measured; 0 filtered out

     Running /home/liyun/clinkv2/clinkv2/target/release/deps/poseidon_groth16-eef96b48b1d98e9e

running 0 tests

test result: ok. 0 passed; 0 failed; 0 ignored; 0 measured; 0 filtered out

     Running /home/liyun/clinkv2/clinkv2/target/release/deps/rescue_clinkv2-bf5028760a04b2d9

running 0 tests

test result: ok. 0 passed; 0 failed; 0 ignored; 0 measured; 0 filtered out

     Running /home/liyun/clinkv2/clinkv2/target/release/deps/rescue_groth16-23964ce4c8420ee8

running 0 tests

test result: ok. 0 passed; 0 failed; 0 ignored; 0 measured; 0 filtered out

     Running /home/liyun/clinkv2/clinkv2/target/release/deps/test_poly_commit-ec4488a07cc00833

running 0 tests

test result: ok. 0 passed; 0 failed; 0 ignored; 0 measured; 0 filtered out

   Doc-tests scheme

running 0 tests

test result: ok. 0 passed; 0 failed; 0 ignored; 0 measured; 0 filtered out

nohup: ignoring input
warning: profiles for the non root package will be ignored, specify profiles at the workspace root:
package:   /home/liyun/clinkv2/clinkv2/poly_commit/Cargo.toml
workspace: /home/liyun/clinkv2/clinkv2/Cargo.toml
   Compiling scheme v0.1.0 (/home/liyun/clinkv2/clinkv2/scheme)
warning: unused import: `VariableBaseMSM`
 --> scheme/tests/mulexp.rs:3:31
  |
3 | use math::msm::{FixedBaseMSM, VariableBaseMSM};
  |                               ^^^^^^^^^^^^^^^
  |
  = note: `#[warn(unused_imports)]` on by default

warning: unused imports: `AffineCurve`, `Group`, `One`, `ProjectiveCurve`, `Zero`
 --> scheme/tests/mulexp.rs:5:5
  |
5 |     AffineCurve, Group, One, PairingEngine, PrimeField, ProjectiveCurve, UniformRand, Zero,test_rng,
  |     ^^^^^^^^^^^  ^^^^^  ^^^                             ^^^^^^^^^^^^^^^               ^^^^

warning: unused imports: `Bn_256`, `Fr`
 --> scheme/tests/mulexp.rs:7:21
  |
7 | use curve::bn_256::{Bn_256, Fr};
  |                     ^^^^^^  ^^

warning: unused import: `rayon::prelude`
  --> scheme/tests/mulexp.rs:13:5
   |
13 | use rayon::prelude::*;
   |     ^^^^^^^^^^^^^^

warning: value assigned to `v` is never read
  --> scheme/tests/mulexp.rs:33:13
   |
33 |         let mut v = vec![];
   |             ^^^^^
   |
   = note: `#[warn(unused_assignments)]` on by default
   = help: maybe it is overwritten before being read?

warning: associated function is never used: `test_mulexp`
  --> scheme/tests/mulexp.rs:22:8
   |
22 |     fn test_mulexp()
   |        ^^^^^^^^^^^
   |
   = note: `#[warn(dead_code)]` on by default

warning: 6 warnings emitted

    Finished release [optimized] target(s) in 38.07s
     Running /home/liyun/clinkv2/clinkv2/target/release/deps/scheme-b832b2dfdb2698c7

running 0 tests

test result: ok. 0 passed; 0 failed; 0 ignored; 0 measured; 0 filtered out

     Running /home/liyun/clinkv2/clinkv2/target/release/deps/fft_clinkv2-078704a9eaa7b5a7

running 0 tests

test result: ok. 0 passed; 0 failed; 0 ignored; 0 measured; 0 filtered out

     Running /home/liyun/clinkv2/clinkv2/target/release/deps/mimc_clinkv2-aee4b79e728386ab

running 1 test
Running mimc_clinkv2...
m_abc:10
rj_ifft_time: 1.15084823s
rj_commit_time: 2.72455814s
abci_fft_time: 2.924835809s
q_commit_time: 212.843532ms
open_r_mid_q_time: 697.949395ms
0.896211287
8.038756996
0.125312867
test mimc_clinkv2 ... ok

test result: ok. 1 passed; 0 failed; 0 ignored; 0 measured; 0 filtered out

     Running /home/liyun/clinkv2/clinkv2/target/release/deps/mimc_groth16-7960cb05c0e97d59

running 1 test
Running mimc_groth16...
h_ifft_time: 9.978299674s
A_time: 1.888411193s
B_G1_time: 1.137945493s
B_G2_time: 3.25844432s
C_time: 5.582875859s
280
22.790373409
24.828037494
0.004812674
test mimc_groth16 ... ok

test result: ok. 1 passed; 0 failed; 0 ignored; 0 measured; 0 filtered out

     Running /home/liyun/clinkv2/clinkv2/target/release/deps/mulexp-f390c2943e447977

running 0 tests

test result: ok. 0 passed; 0 failed; 0 ignored; 0 measured; 0 filtered out

     Running /home/liyun/clinkv2/clinkv2/target/release/deps/poseidon_clinkv2-ec491f56e89a3ce2

running 0 tests

test result: ok. 0 passed; 0 failed; 0 ignored; 0 measured; 0 filtered out

     Running /home/liyun/clinkv2/clinkv2/target/release/deps/poseidon_groth16-efdc85a509e659cf

running 0 tests

test result: ok. 0 passed; 0 failed; 0 ignored; 0 measured; 0 filtered out

     Running /home/liyun/clinkv2/clinkv2/target/release/deps/rescue_clinkv2-6b2a9b437465c016

running 0 tests

test result: ok. 0 passed; 0 failed; 0 ignored; 0 measured; 0 filtered out

     Running /home/liyun/clinkv2/clinkv2/target/release/deps/rescue_groth16-92a69571cbafeb5d

running 0 tests

test result: ok. 0 passed; 0 failed; 0 ignored; 0 measured; 0 filtered out

     Running /home/liyun/clinkv2/clinkv2/target/release/deps/test_poly_commit-8df96e775a7ac690

running 0 tests

test result: ok. 0 passed; 0 failed; 0 ignored; 0 measured; 0 filtered out

   Doc-tests scheme

running 0 tests

test result: ok. 0 passed; 0 failed; 0 ignored; 0 measured; 0 filtered out

nohup: ignoring input
warning: profiles for the non root package will be ignored, specify profiles at the workspace root:
package:   /home/liyun/clinkv2/poly_commit/Cargo.toml
workspace: /home/liyun/clinkv2/Cargo.toml
   Compiling scheme v0.1.0 (/home/liyun/clinkv2/scheme)
warning: unused import: `VariableBaseMSM`
 --> scheme/tests/mulexp.rs:3:31
  |
3 | use math::msm::{FixedBaseMSM, VariableBaseMSM};
  |                               ^^^^^^^^^^^^^^^
  |
  = note: `#[warn(unused_imports)]` on by default

warning: unused imports: `AffineCurve`, `Group`, `One`, `ProjectiveCurve`, `Zero`
 --> scheme/tests/mulexp.rs:5:5
  |
5 |     AffineCurve, Group, One, PairingEngine, PrimeField, ProjectiveCurve, UniformRand, Zero,test_rng,
  |     ^^^^^^^^^^^  ^^^^^  ^^^                             ^^^^^^^^^^^^^^^               ^^^^

warning: unused imports: `Bn_256`, `Fr`
 --> scheme/tests/mulexp.rs:7:21
  |
7 | use curve::bn_256::{Bn_256, Fr};
  |                     ^^^^^^  ^^

warning: value assigned to `v` is never read
  --> scheme/tests/mulexp.rs:33:13
   |
33 |         let mut v = vec![];
   |             ^^^^^
   |
   = note: `#[warn(unused_assignments)]` on by default
   = help: maybe it is overwritten before being read?

warning: associated function is never used: `test_mulexp`
  --> scheme/tests/mulexp.rs:22:8
   |
22 |     fn test_mulexp()
   |        ^^^^^^^^^^^
   |
   = note: `#[warn(dead_code)]` on by default

warning: 5 warnings emitted

    Finished release [optimized] target(s) in 5.97s
     Running /home/liyun/clinkv2/target/release/deps/scheme-a7b3e692a2c8a070

running 0 tests

test result: ok. 0 passed; 0 failed; 0 ignored; 0 measured; 0 filtered out

     Running /home/liyun/clinkv2/target/release/deps/fft_clinkv2-70d1311c75138106

running 0 tests

test result: ok. 0 passed; 0 failed; 0 ignored; 0 measured; 0 filtered out

     Running /home/liyun/clinkv2/target/release/deps/mimc_clinkv2-b5a3731bcdb90898

running 1 test
Running mimc_clinkv2...
m_abc:10
rj_ifft_time: 945.963436ms
rj_commit_time: 11.43622501s
abci_fft_time: 2.046824741s
q_commit_time: 1.010884759s
open_r_mid_q_time: 1.155332877s
3.049233013
16.673732769
0.030297086
test mimc_clinkv2 ... ok

test result: ok. 1 passed; 0 failed; 0 ignored; 0 measured; 0 filtered out

     Running /home/liyun/clinkv2/target/release/deps/mimc_groth16-95da974c889c1b03

running 1 test
Running mimc_groth16...
test mimc_groth16 ... test mimc_groth16 has been running for over 60 seconds
h_ifft_time: 11.271444428s
A_time: 8.252275714s
B_G1_time: 4.58233673s
B_G2_time: 15.488007329s
C_time: 23.068541995s
280
86.995501977
63.452457264
0.001542406
test mimc_groth16 ... ok

test result: ok. 1 passed; 0 failed; 0 ignored; 0 measured; 0 filtered out

     Running /home/liyun/clinkv2/target/release/deps/mulexp-b79ce5ca62893c69

running 0 tests

test result: ok. 0 passed; 0 failed; 0 ignored; 0 measured; 0 filtered out

     Running /home/liyun/clinkv2/target/release/deps/poseidon_clinkv2-d62d3db52d9fccf0

running 0 tests

test result: ok. 0 passed; 0 failed; 0 ignored; 0 measured; 0 filtered out

     Running /home/liyun/clinkv2/target/release/deps/poseidon_groth16-fc14cab79d6d6eb4

running 0 tests

test result: ok. 0 passed; 0 failed; 0 ignored; 0 measured; 0 filtered out

     Running /home/liyun/clinkv2/target/release/deps/rescue_clinkv2-aab3b968bcd78e49

running 0 tests

test result: ok. 0 passed; 0 failed; 0 ignored; 0 measured; 0 filtered out

     Running /home/liyun/clinkv2/target/release/deps/rescue_groth16-c6f182f382af30a8

running 0 tests

test result: ok. 0 passed; 0 failed; 0 ignored; 0 measured; 0 filtered out

     Running /home/liyun/clinkv2/target/release/deps/test_poly_commit-fadfe05ca7dbebd2

running 0 tests

test result: ok. 0 passed; 0 failed; 0 ignored; 0 measured; 0 filtered out

   Doc-tests scheme

running 0 tests

test result: ok. 0 passed; 0 failed; 0 ignored; 0 measured; 0 filtered out

nohup: ignoring input
warning: profiles for the non root package will be ignored, specify profiles at the workspace root:
package:   /home/liyun/clinkv2/poly_commit/Cargo.toml
workspace: /home/liyun/clinkv2/Cargo.toml
   Compiling scheme v0.1.0 (/home/liyun/clinkv2/scheme)
warning: unused import: `VariableBaseMSM`
 --> scheme/tests/mulexp.rs:3:31
  |
3 | use math::msm::{FixedBaseMSM, VariableBaseMSM};
  |                               ^^^^^^^^^^^^^^^
  |
  = note: `#[warn(unused_imports)]` on by default

warning: unused imports: `AffineCurve`, `Group`, `One`, `ProjectiveCurve`, `Zero`
 --> scheme/tests/mulexp.rs:5:5
  |
5 |     AffineCurve, Group, One, PairingEngine, PrimeField, ProjectiveCurve, UniformRand, Zero,test_rng,
  |     ^^^^^^^^^^^  ^^^^^  ^^^                             ^^^^^^^^^^^^^^^               ^^^^

warning: unused imports: `Bn_256`, `Fr`
 --> scheme/tests/mulexp.rs:7:21
  |
7 | use curve::bn_256::{Bn_256, Fr};
  |                     ^^^^^^  ^^

warning: value assigned to `v` is never read
  --> scheme/tests/mulexp.rs:33:13
   |
33 |         let mut v = vec![];
   |             ^^^^^
   |
   = note: `#[warn(unused_assignments)]` on by default
   = help: maybe it is overwritten before being read?

warning: associated function is never used: `test_mulexp`
  --> scheme/tests/mulexp.rs:22:8
   |
22 |     fn test_mulexp()
   |        ^^^^^^^^^^^
   |
   = note: `#[warn(dead_code)]` on by default

warning: 5 warnings emitted

    Finished release [optimized] target(s) in 4.36s
     Running /home/liyun/clinkv2/target/release/deps/scheme-a7b3e692a2c8a070

running 0 tests

test result: ok. 0 passed; 0 failed; 0 ignored; 0 measured; 0 filtered out

     Running /home/liyun/clinkv2/target/release/deps/fft_clinkv2-70d1311c75138106

running 0 tests

test result: ok. 0 passed; 0 failed; 0 ignored; 0 measured; 0 filtered out

     Running /home/liyun/clinkv2/target/release/deps/mimc_clinkv2-b5a3731bcdb90898

running 1 test
Running mimc_clinkv2...
m_abc:10
test mimc_clinkv2 ... test mimc_clinkv2 has been running for over 60 seconds
rj_ifft_time: 9.33335724s
rj_commit_time: 73.312831487s
abci_fft_time: 19.660083169s
q_commit_time: 6.638517369s
open_r_mid_q_time: 7.971656444s
23.099811894
117.55767089
0.235388577
test mimc_clinkv2 ... ok

test result: ok. 1 passed; 0 failed; 0 ignored; 0 measured; 0 filtered out

     Running /home/liyun/clinkv2/target/release/deps/mimc_groth16-95da974c889c1b03

running 1 test
Running mimc_groth16...
test mimc_groth16 ... test mimc_groth16 has been running for over 60 seconds
h_ifft_time: 101.856494417s
A_time: 66.336094626s
B_G1_time: 35.359703521s
B_G2_time: 109.050980639s
C_time: 183.664086588s
280
635.202054124
502.294150878
0.001571332
test mimc_groth16 ... ok

test result: ok. 1 passed; 0 failed; 0 ignored; 0 measured; 0 filtered out

     Running /home/liyun/clinkv2/target/release/deps/mulexp-b79ce5ca62893c69

running 0 tests

test result: ok. 0 passed; 0 failed; 0 ignored; 0 measured; 0 filtered out

     Running /home/liyun/clinkv2/target/release/deps/poseidon_clinkv2-d62d3db52d9fccf0

running 0 tests

test result: ok. 0 passed; 0 failed; 0 ignored; 0 measured; 0 filtered out

     Running /home/liyun/clinkv2/target/release/deps/poseidon_groth16-fc14cab79d6d6eb4

running 0 tests

test result: ok. 0 passed; 0 failed; 0 ignored; 0 measured; 0 filtered out

     Running /home/liyun/clinkv2/target/release/deps/rescue_clinkv2-aab3b968bcd78e49

running 0 tests

test result: ok. 0 passed; 0 failed; 0 ignored; 0 measured; 0 filtered out

     Running /home/liyun/clinkv2/target/release/deps/rescue_groth16-c6f182f382af30a8

running 0 tests

test result: ok. 0 passed; 0 failed; 0 ignored; 0 measured; 0 filtered out

     Running /home/liyun/clinkv2/target/release/deps/test_poly_commit-fadfe05ca7dbebd2

running 0 tests

test result: ok. 0 passed; 0 failed; 0 ignored; 0 measured; 0 filtered out

   Doc-tests scheme

running 0 tests

test result: ok. 0 passed; 0 failed; 0 ignored; 0 measured; 0 filtered out

